<?xml version="1.0" encoding="UTF-8"?>
<!-- Generated by org.testng.reporters.JUnitReportReporter -->
<testsuite hostname="Vaishnavi" failures="0" tests="1" name="testScript.firstTestNG" time="35.503" errors="0" timestamp="2024-08-01T14:36:24 CDT" skipped="0">
  <testcase classname="testScript.firstTestNG" name="UserLogin" time="35.503"/>
</testsuite> <!-- testScript.firstTestNG -->
