<?xml version="1.0" encoding="UTF-8"?>
<!-- Generated by org.testng.reporters.JUnitReportReporter -->
<testsuite hostname="Vaishnavi" failures="0" tests="1" name="LinenChest_Project.DemoQA1.firstTestNG" time="26.467" errors="0" timestamp="2024-07-30T00:23:59 CDT" skipped="0">
  <testcase classname="LinenChest_Project.DemoQA1.firstTestNG" name="UserLogin" time="26.467"/>
</testsuite> <!-- LinenChest_Project.DemoQA1.firstTestNG -->
